<?xml version="1.0" encoding="UTF-8"?>
<testng-results skipped="0" failed="0" ignored="0" total="7" passed="7">
  <reporter-output>
  </reporter-output>
  <suite name="Suite" duration-ms="38244" started-at="2020-03-12T11:39:49Z" finished-at="2020-03-12T11:40:27Z">
    <groups>
    </groups>
    <test name="Test" duration-ms="38244" started-at="2020-03-12T11:39:49Z" finished-at="2020-03-12T11:40:27Z">
      <class name="com.orange.testcases.Logintest">
        <test-method status="PASS" signature="setup()[pri:0, instance:com.orange.testcases.Logintest@6f1fba17]" name="setup" is-config="true" duration-ms="8173" started-at="2020-03-12T11:39:49Z" finished-at="2020-03-12T11:39:57Z">
          <reporter-output>
          </reporter-output>
        </test-method> <!-- setup -->
        <test-method status="PASS" signature="setup()[pri:0, instance:com.orange.testcases.Usermanagementpagetest@67784306]" name="setup" is-config="true" duration-ms="12200" started-at="2020-03-12T11:39:57Z" finished-at="2020-03-12T11:40:10Z">
          <reporter-output>
          </reporter-output>
        </test-method> <!-- setup -->
        <test-method status="PASS" signature="setup()[pri:0, instance:com.orange.testcases.dashboardpagetest@185d8b6]" name="setup" is-config="true" duration-ms="12811" started-at="2020-03-12T11:40:10Z" finished-at="2020-03-12T11:40:22Z">
          <reporter-output>
          </reporter-output>
        </test-method> <!-- setup -->
        <test-method status="PASS" signature="loginpagetitletest()[pri:1, instance:com.orange.testcases.Logintest@6f1fba17]" name="loginpagetitletest" duration-ms="11" started-at="2020-03-12T11:40:22Z" finished-at="2020-03-12T11:40:22Z">
          <reporter-output>
          </reporter-output>
        </test-method> <!-- loginpagetitletest -->
        <test-method status="PASS" signature="loginfun()[pri:2, instance:com.orange.testcases.Logintest@6f1fba17]" name="loginfun" duration-ms="1947" started-at="2020-03-12T11:40:24Z" finished-at="2020-03-12T11:40:26Z">
          <reporter-output>
          </reporter-output>
        </test-method> <!-- loginfun -->
        <test-method status="PASS" signature="teardown()[pri:0, instance:com.orange.testcases.Logintest@6f1fba17]" name="teardown" is-config="true" duration-ms="609" started-at="2020-03-12T11:40:27Z" finished-at="2020-03-12T11:40:27Z">
          <reporter-output>
          </reporter-output>
        </test-method> <!-- teardown -->
        <test-method status="PASS" signature="teardown()[pri:0, instance:com.orange.testcases.dashboardpagetest@185d8b6]" name="teardown" is-config="true" duration-ms="1" started-at="2020-03-12T11:40:27Z" finished-at="2020-03-12T11:40:27Z">
          <reporter-output>
          </reporter-output>
        </test-method> <!-- teardown -->
        <test-method status="PASS" signature="teardown()[pri:0, instance:com.orange.testcases.Usermanagementpagetest@67784306]" name="teardown" is-config="true" duration-ms="0" started-at="2020-03-12T11:40:27Z" finished-at="2020-03-12T11:40:27Z">
          <reporter-output>
          </reporter-output>
        </test-method> <!-- teardown -->
      </class> <!-- com.orange.testcases.Logintest -->
      <class name="com.orange.testcases.dashboardpagetest">
        <test-method status="PASS" signature="Testlogoverification()[pri:1, instance:com.orange.testcases.dashboardpagetest@185d8b6]" name="Testlogoverification" duration-ms="40" started-at="2020-03-12T11:40:22Z" finished-at="2020-03-12T11:40:22Z">
          <reporter-output>
          </reporter-output>
        </test-method> <!-- Testlogoverification -->
        <test-method status="PASS" signature="Testpagetitleverification()[pri:2, instance:com.orange.testcases.dashboardpagetest@185d8b6]" name="Testpagetitleverification" duration-ms="12" started-at="2020-03-12T11:40:26Z" finished-at="2020-03-12T11:40:26Z">
          <reporter-output>
          </reporter-output>
        </test-method> <!-- Testpagetitleverification -->
        <test-method status="PASS" signature="Testmenuverificationtest()[pri:3, instance:com.orange.testcases.dashboardpagetest@185d8b6]" name="Testmenuverificationtest" duration-ms="133" started-at="2020-03-12T11:40:27Z" finished-at="2020-03-12T11:40:27Z">
          <reporter-output>
          </reporter-output>
        </test-method> <!-- Testmenuverificationtest -->
      </class> <!-- com.orange.testcases.dashboardpagetest -->
      <class name="com.orange.testcases.Usermanagementpagetest">
        <test-method status="PASS" signature="validatenavigatetousermanagement()[pri:1, instance:com.orange.testcases.Usermanagementpagetest@67784306]" name="validatenavigatetousermanagement" duration-ms="1372" started-at="2020-03-12T11:40:22Z" finished-at="2020-03-12T11:40:24Z">
          <reporter-output>
          </reporter-output>
        </test-method> <!-- validatenavigatetousermanagement -->
        <test-method status="PASS" signature="validateadduserfunctionality()[pri:2, instance:com.orange.testcases.Usermanagementpagetest@67784306]" name="validateadduserfunctionality" duration-ms="907" started-at="2020-03-12T11:40:26Z" finished-at="2020-03-12T11:40:27Z">
          <reporter-output>
          </reporter-output>
        </test-method> <!-- validateadduserfunctionality -->
      </class> <!-- com.orange.testcases.Usermanagementpagetest -->
    </test> <!-- Test -->
  </suite> <!-- Suite -->
</testng-results>
