<?xml version="1.0" encoding="UTF-8"?>
<testng-results skipped="0" failed="0" ignored="0" total="7" passed="7">
  <reporter-output>
  </reporter-output>
  <suite name="Suite" duration-ms="48236" started-at="2020-03-31T13:02:13Z" finished-at="2020-03-31T13:03:02Z">
    <groups>
      <group name="usermanagement1">
        <method signature="Usermanagementpagetest.validateadduserfunctionality()[pri:2, instance:com.orange.testcases.Usermanagementpagetest@3a883ce7]" name="validateadduserfunctionality" class="com.orange.testcases.Usermanagementpagetest"/>
        <method signature="Usermanagementpagetest.validatenavigatetousermanagement()[pri:1, instance:com.orange.testcases.Usermanagementpagetest@3a883ce7]" name="validatenavigatetousermanagement" class="com.orange.testcases.Usermanagementpagetest"/>
      </group> <!-- usermanagement1 -->
      <group name="login1">
        <method signature="Logintest.loginfun()[pri:2, instance:com.orange.testcases.Logintest@53b32d7]" name="loginfun" class="com.orange.testcases.Logintest"/>
        <method signature="Logintest.loginpagetitletest()[pri:1, instance:com.orange.testcases.Logintest@53b32d7]" name="loginpagetitletest" class="com.orange.testcases.Logintest"/>
      </group> <!-- login1 -->
      <group name="dashboard1">
        <method signature="dashboardpagetest.Testlogoverification()[pri:1, instance:com.orange.testcases.dashboardpagetest@1dfe2924]" name="Testlogoverification" class="com.orange.testcases.dashboardpagetest"/>
        <method signature="dashboardpagetest.Testmenuverificationtest()[pri:3, instance:com.orange.testcases.dashboardpagetest@1dfe2924]" name="Testmenuverificationtest" class="com.orange.testcases.dashboardpagetest"/>
        <method signature="dashboardpagetest.Testpagetitleverification()[pri:2, instance:com.orange.testcases.dashboardpagetest@1dfe2924]" name="Testpagetitleverification" class="com.orange.testcases.dashboardpagetest"/>
      </group> <!-- dashboard1 -->
    </groups>
    <test name="Test" duration-ms="23286" started-at="2020-03-31T13:02:13Z" finished-at="2020-03-31T13:02:37Z">
      <class name="com.orange.testcases.Logintest">
        <test-method status="PASS" signature="setup()[pri:0, instance:com.orange.testcases.Logintest@53b32d7]" name="setup" is-config="true" duration-ms="15990" started-at="2020-03-31T13:02:13Z" finished-at="2020-03-31T13:02:29Z">
          <reporter-output>
          </reporter-output>
        </test-method> <!-- setup -->
        <test-method status="PASS" signature="loginpagetitletest()[pri:1, instance:com.orange.testcases.Logintest@53b32d7]" name="loginpagetitletest" duration-ms="16" started-at="2020-03-31T13:02:29Z" finished-at="2020-03-31T13:02:29Z">
          <reporter-output>
          </reporter-output>
        </test-method> <!-- loginpagetitletest -->
        <test-method status="PASS" signature="loginfun()[pri:2, instance:com.orange.testcases.Logintest@53b32d7]" name="loginfun" duration-ms="6469" started-at="2020-03-31T13:02:29Z" finished-at="2020-03-31T13:02:36Z">
          <reporter-output>
          </reporter-output>
        </test-method> <!-- loginfun -->
        <test-method status="PASS" signature="teardown()[pri:0, instance:com.orange.testcases.Logintest@53b32d7]" name="teardown" is-config="true" duration-ms="788" started-at="2020-03-31T13:02:36Z" finished-at="2020-03-31T13:02:37Z">
          <reporter-output>
          </reporter-output>
        </test-method> <!-- teardown -->
      </class> <!-- com.orange.testcases.Logintest -->
    </test> <!-- Test -->
    <test name="Test1" duration-ms="10775" started-at="2020-03-31T13:02:37Z" finished-at="2020-03-31T13:02:47Z">
      <class name="com.orange.testcases.dashboardpagetest">
        <test-method status="PASS" signature="setup()[pri:0, instance:com.orange.testcases.dashboardpagetest@1dfe2924]" name="setup" is-config="true" duration-ms="9843" started-at="2020-03-31T13:02:37Z" finished-at="2020-03-31T13:02:47Z">
          <reporter-output>
          </reporter-output>
        </test-method> <!-- setup -->
        <test-method status="PASS" signature="Testlogoverification()[pri:1, instance:com.orange.testcases.dashboardpagetest@1dfe2924]" name="Testlogoverification" duration-ms="39" started-at="2020-03-31T13:02:47Z" finished-at="2020-03-31T13:02:47Z">
          <reporter-output>
          </reporter-output>
        </test-method> <!-- Testlogoverification -->
        <test-method status="PASS" signature="Testpagetitleverification()[pri:2, instance:com.orange.testcases.dashboardpagetest@1dfe2924]" name="Testpagetitleverification" duration-ms="7" started-at="2020-03-31T13:02:47Z" finished-at="2020-03-31T13:02:47Z">
          <reporter-output>
          </reporter-output>
        </test-method> <!-- Testpagetitleverification -->
        <test-method status="PASS" signature="Testmenuverificationtest()[pri:3, instance:com.orange.testcases.dashboardpagetest@1dfe2924]" name="Testmenuverificationtest" duration-ms="121" started-at="2020-03-31T13:02:47Z" finished-at="2020-03-31T13:02:47Z">
          <reporter-output>
          </reporter-output>
        </test-method> <!-- Testmenuverificationtest -->
        <test-method status="PASS" signature="teardown()[pri:0, instance:com.orange.testcases.dashboardpagetest@1dfe2924]" name="teardown" is-config="true" duration-ms="757" started-at="2020-03-31T13:02:47Z" finished-at="2020-03-31T13:02:47Z">
          <reporter-output>
          </reporter-output>
        </test-method> <!-- teardown -->
      </class> <!-- com.orange.testcases.dashboardpagetest -->
    </test> <!-- Test1 -->
    <test name="Test2" duration-ms="14136" started-at="2020-03-31T13:02:47Z" finished-at="2020-03-31T13:03:02Z">
      <class name="com.orange.testcases.Usermanagementpagetest">
        <test-method status="PASS" signature="setup()[pri:0, instance:com.orange.testcases.Usermanagementpagetest@3a883ce7]" name="setup" is-config="true" duration-ms="9376" started-at="2020-03-31T13:02:47Z" finished-at="2020-03-31T13:02:57Z">
          <reporter-output>
          </reporter-output>
        </test-method> <!-- setup -->
        <test-method status="PASS" signature="validatenavigatetousermanagement()[pri:1, instance:com.orange.testcases.Usermanagementpagetest@3a883ce7]" name="validatenavigatetousermanagement" duration-ms="3084" started-at="2020-03-31T13:02:57Z" finished-at="2020-03-31T13:03:00Z">
          <reporter-output>
          </reporter-output>
        </test-method> <!-- validatenavigatetousermanagement -->
        <test-method status="PASS" signature="validateadduserfunctionality()[pri:2, instance:com.orange.testcases.Usermanagementpagetest@3a883ce7]" name="validateadduserfunctionality" duration-ms="874" started-at="2020-03-31T13:03:00Z" finished-at="2020-03-31T13:03:01Z">
          <reporter-output>
          </reporter-output>
        </test-method> <!-- validateadduserfunctionality -->
        <test-method status="PASS" signature="teardown()[pri:0, instance:com.orange.testcases.Usermanagementpagetest@3a883ce7]" name="teardown" is-config="true" duration-ms="790" started-at="2020-03-31T13:03:01Z" finished-at="2020-03-31T13:03:02Z">
          <reporter-output>
          </reporter-output>
        </test-method> <!-- teardown -->
      </class> <!-- com.orange.testcases.Usermanagementpagetest -->
    </test> <!-- Test2 -->
  </suite> <!-- Suite -->
</testng-results>
